#
# There is insufficient memory for the Java Runtime Environment to continue.
# Native memory allocation (mmap) failed to map 134217728 bytes for G1 virtual space
# Possible reasons:
#   The system is out of physical RAM or swap space
#   The process is running with CompressedOops enabled, and the Java Heap may be blocking the growth of the native heap
# Possible solutions:
#   Reduce memory load on the system
#   Increase physical memory or swap space
#   Check if swap backing store is full
#   Decrease Java heap size (-Xmx/-Xms)
#   Decrease number of Java threads
#   Decrease Java thread stack sizes (-Xss)
#   Set larger code cache with -XX:ReservedCodeCacheSize=
#   JVM is running with Unscaled Compressed Oops mode in which the Java heap is
#     placed in the first 4GB address space. The Java Heap base address is the
#     maximum limit for the native heap growth. Please use -XX:HeapBaseMinAddress
#     to set the Java Heap base and to place the Java Heap above 4GB virtual address.
# This output file may be truncated or incomplete.
#
#  Out of Memory Error (os_windows.cpp:3530), pid=17356, tid=9164
#
# JRE version:  (18.0.2+9) (build )
# Java VM: Java HotSpot(TM) 64-Bit Server VM (18.0.2+9-61, mixed mode, sharing, tiered, compressed oops, compressed class ptrs, g1 gc, windows-amd64)
# No core dump will be written. Minidumps are not enabled by default on client versions of Windows
#

---------------  S U M M A R Y ------------

Command Line: -Dfile.encoding=UTF-8 -XX:+ShowCodeDetailsInExceptionMessages employee_management_system_package.addemployee

Host: Intel(R) Core(TM) i3-6006U CPU @ 2.00GHz, 4 cores, 7G,  Windows 10 , 64 bit Build 19041 (10.0.19041.3636)
Time: Fri Sep 27 15:06:54 2024 India Standard Time elapsed time: 0.063529 seconds (0d 0h 0m 0s)

---------------  T H R E A D  ---------------

Current thread (0x000002c7bb2ee700):  JavaThread "Unknown thread" [_thread_in_vm, id=9164, stack(0x000000d359d00000,0x000000d359e00000)]

Stack: [0x000000d359d00000,0x000000d359e00000]
Native frames: (J=compiled Java code, j=interpreted, Vv=VM code, C=native code)
V  [jvm.dll+0x6993ca]
V  [jvm.dll+0x7f481d]
V  [jvm.dll+0x7f612e]
V  [jvm.dll+0x7f67e3]
V  [jvm.dll+0x25cdaf]
V  [jvm.dll+0x696319]
V  [jvm.dll+0x68ae4a]
V  [jvm.dll+0x3223eb]
V  [jvm.dll+0x329dc6]
V  [jvm.dll+0x37eade]
V  [jvm.dll+0x37ed0f]
V  [jvm.dll+0x2fa16a]
V  [jvm.dll+0x2fb1cd]
V  [jvm.dll+0x7c3450]
V  [jvm.dll+0x38be61]
V  [jvm.dll+0x7a2073]
V  [jvm.dll+0x40dc3f]
V  [jvm.dll+0x40f611]
C  [jli.dll+0x526b]
C  [ucrtbase.dll+0x21bb2]
C  [KERNEL32.DLL+0x17344]
C  [ntdll.dll+0x526b1]


---------------  P R O C E S S  ---------------

Threads class SMR info:
_java_thread_list=0x00007ffc467ee550, length=0, elements={
}

Java Threads: ( => current thread )

Other Threads:
  0x000002c7bb34c4c0 WorkerThread "GC Thread#0" [stack: 0x000000d359e00000,0x000000d359f00000] [id=20628]
  0x000002c7bb35d850 ConcurrentGCThread "G1 Main Marker" [stack: 0x000000d359f00000,0x000000d35a000000] [id=16412]
  0x000002c7bb360260 WorkerThread "G1 Conc#0" [stack: 0x000000d35a000000,0x000000d35a100000] [id=16904]

[error occurred during error reporting (printing all threads), id 0xc0000005, EXCEPTION_ACCESS_VIOLATION (0xc0000005) at pc=0x00007ffc4601a707]

VM state: not at safepoint (not fully initialized)

VM Mutex/Monitor currently owned by a thread:  ([mutex/lock_event])
[0x000002c7bb2e9660] Heap_lock - owner thread: 0x000002c7bb2ee700

Heap address: 0x0000000081a00000, size: 2022 MB, Compressed Oops mode: 32-bit

CDS archive(s) mapped at: [0x0000000000000000-0x0000000000000000-0x0000000000000000), size 0, SharedBaseAddress: 0x0000000800000000, ArchiveRelocationMode: 0.
Narrow klass base: 0x0000000000000000, Narrow klass shift: 0, Narrow klass range: 0x0

GC Precious Log:
 CardTable entry size: 512
 Card Set container configuration: InlinePtr #cards 5 size 8 Array Of Cards #cards 12 size 40 Howl #buckets 4 coarsen threshold 1843 Howl Bitmap #cards 512 size 80 coarsen threshold 460 Card regions per heap region 1 cards per card region 2048

Heap:
 garbage-first heap   total 0K, used 0K [0x0000000081a00000, 0x0000000100000000)
  region size 1024K, 0 young (0K), 0 survivors (0K)

[error occurred during error reporting (printing heap information), id 0xc0000005, EXCEPTION_ACCESS_VIOLATION (0xc0000005) at pc=0x00007ffc46401859]

GC Heap History (0 events):
No events

Deoptimization events (0 events):
No events

Classes loaded (0 events):
No events

Classes unloaded (0 events):
No events

Classes redefined (0 events):
No events

Internal exceptions (0 events):
No events

VM Operations (0 events):
No events

Events (1 events):
Event: 0.018 Loaded shared library C:\Program Files\Java\jdk-18.0.2\bin\java.dll


Dynamic libraries:
0x00007ff7aa160000 - 0x00007ff7aa170000 	C:\Program Files\Java\jdk-18.0.2\bin\javaw.exe
0x00007ffc79e10000 - 0x00007ffc7a008000 	C:\WINDOWS\SYSTEM32\ntdll.dll
0x00007ffc78840000 - 0x00007ffc788fd000 	C:\WINDOWS\System32\KERNEL32.DLL
0x00007ffc778d0000 - 0x00007ffc77bc6000 	C:\WINDOWS\System32\KERNELBASE.dll
0x00007ffc77cb0000 - 0x00007ffc77db0000 	C:\WINDOWS\System32\ucrtbase.dll
0x00007ffc5e2d0000 - 0x00007ffc5e2e8000 	C:\Program Files\Java\jdk-18.0.2\bin\jli.dll
0x00007ffc794b0000 - 0x00007ffc7955f000 	C:\WINDOWS\System32\ADVAPI32.dll
0x00007ffc79c00000 - 0x00007ffc79c9e000 	C:\WINDOWS\System32\msvcrt.dll
0x00007ffc78900000 - 0x00007ffc7899c000 	C:\WINDOWS\System32\sechost.dll
0x00007ffc79ca0000 - 0x00007ffc79dc6000 	C:\WINDOWS\System32\RPCRT4.dll
0x00007ffc77f00000 - 0x00007ffc7809e000 	C:\WINDOWS\System32\USER32.dll
0x00007ffc77db0000 - 0x00007ffc77dd2000 	C:\WINDOWS\System32\win32u.dll
0x00007ffc79bd0000 - 0x00007ffc79bfc000 	C:\WINDOWS\System32\GDI32.dll
0x00007ffc77de0000 - 0x00007ffc77efa000 	C:\WINDOWS\System32\gdi32full.dll
0x00007ffc77780000 - 0x00007ffc7781d000 	C:\WINDOWS\System32\msvcp_win.dll
0x00007ffc54640000 - 0x00007ffc5465a000 	C:\Program Files\Java\jdk-18.0.2\bin\VCRUNTIME140.dll
0x00007ffc66440000 - 0x00007ffc666da000 	C:\WINDOWS\WinSxS\amd64_microsoft.windows.common-controls_6595b64144ccf1df_6.0.19041.3636_none_60b6a03d71f818d5\COMCTL32.dll
0x00007ffc6b300000 - 0x00007ffc6b30a000 	C:\WINDOWS\SYSTEM32\VERSION.dll
0x00007ffc78810000 - 0x00007ffc78840000 	C:\WINDOWS\System32\IMM32.DLL
0x00007ffc61940000 - 0x00007ffc6194c000 	C:\Program Files\Java\jdk-18.0.2\bin\vcruntime140_1.dll
0x00007ffc54190000 - 0x00007ffc5421d000 	C:\Program Files\Java\jdk-18.0.2\bin\msvcp140.dll
0x00007ffc45d10000 - 0x00007ffc46921000 	C:\Program Files\Java\jdk-18.0.2\bin\server\jvm.dll
0x00007ffc783d0000 - 0x00007ffc783d8000 	C:\WINDOWS\System32\PSAPI.DLL
0x00007ffc75370000 - 0x00007ffc75379000 	C:\WINDOWS\SYSTEM32\WSOCK32.dll
0x00007ffc785a0000 - 0x00007ffc7860b000 	C:\WINDOWS\System32\WS2_32.dll
0x00007ffc661f0000 - 0x00007ffc66217000 	C:\WINDOWS\SYSTEM32\WINMM.dll
0x00007ffc75620000 - 0x00007ffc75632000 	C:\WINDOWS\SYSTEM32\kernel.appcore.dll
0x00007ffc60ca0000 - 0x00007ffc60caa000 	C:\Program Files\Java\jdk-18.0.2\bin\jimage.dll
0x00007ffc75110000 - 0x00007ffc752f4000 	C:\WINDOWS\SYSTEM32\DBGHELP.DLL
0x00007ffc62cd0000 - 0x00007ffc62d04000 	C:\WINDOWS\SYSTEM32\dbgcore.DLL
0x00007ffc77bd0000 - 0x00007ffc77c52000 	C:\WINDOWS\System32\bcryptPrimitives.dll
0x00007ffc54520000 - 0x00007ffc54545000 	C:\Program Files\Java\jdk-18.0.2\bin\java.dll

dbghelp: loaded successfully - version: 4.0.5 - missing functions: none
symbol engine: initialized successfully - sym options: 0x614 - pdb path: .;C:\Program Files\Java\jdk-18.0.2\bin;C:\WINDOWS\SYSTEM32;C:\WINDOWS\WinSxS\amd64_microsoft.windows.common-controls_6595b64144ccf1df_6.0.19041.3636_none_60b6a03d71f818d5;C:\Program Files\Java\jdk-18.0.2\bin\server

VM Arguments:
jvm_args: -Dfile.encoding=UTF-8 -XX:+ShowCodeDetailsInExceptionMessages 
java_command: employee_management_system_package.addemployee
java_class_path (initial): C:\Users\admin\eclipse-workspace\employee management system\bin;C:\Users\admin\Desktop\mysql-connector-j-8.1.0\mysql-connector-j-8.1.0.jar
Launcher Type: SUN_STANDARD

[Global flags]
     intx CICompilerCount                          = 3                                         {product} {ergonomic}
     uint ConcGCThreads                            = 1                                         {product} {ergonomic}
     uint G1ConcRefinementThreads                  = 4                                         {product} {ergonomic}
   size_t G1HeapRegionSize                         = 1048576                                   {product} {ergonomic}
    uintx GCDrainStackTargetSize                   = 64                                        {product} {ergonomic}
   size_t InitialHeapSize                          = 134217728                                 {product} {ergonomic}
   size_t MarkStackSize                            = 4194304                                   {product} {ergonomic}
   size_t MaxHeapSize                              = 2120220672                                {product} {ergonomic}
   size_t MinHeapDeltaBytes                        = 1048576                                   {product} {ergonomic}
   size_t MinHeapSize                              = 8388608                                   {product} {ergonomic}
    uintx NonNMethodCodeHeapSize                   = 5832780                                {pd product} {ergonomic}
    uintx NonProfiledCodeHeapSize                  = 122912730                              {pd product} {ergonomic}
    uintx ProfiledCodeHeapSize                     = 122912730                              {pd product} {ergonomic}
    uintx ReservedCodeCacheSize                    = 251658240                              {pd product} {ergonomic}
     bool SegmentedCodeCache                       = true                                      {product} {ergonomic}
     bool ShowCodeDetailsInExceptionMessages       = true                                   {manageable} {command line}
   size_t SoftMaxHeapSize                          = 2120220672                             {manageable} {ergonomic}
     bool UseCompressedClassPointers               = true                           {product lp64_product} {ergonomic}
     bool UseCompressedOops                        = true                           {product lp64_product} {ergonomic}
     bool UseG1GC                                  = true                                      {product} {ergonomic}
     bool UseLargePagesIndividualAllocation        = false                                  {pd product} {ergonomic}

Logging:
Log output configuration:
 #0: stdout all=warning uptime,level,tags foldmultilines=false
 #1: stderr all=off uptime,level,tags foldmultilines=false

Environment Variables:
PATH=C:\Program Files\Common Files\Oracle\Java\javapath;C:\WINDOWS\system32;C:\WINDOWS;C:\WINDOWS\System32\Wbem;C:\WINDOWS\System32\WindowsPowerShell\v1.0\;C:\Program Files\dotnet\;C:\WINDOWS\System32\OpenSSH\;C:\Program Files\Java\jdk-18.0.2\bin;C:\Program Files\MySQL\MySQL Server 8.0\bin;C:\Program Files\MySQL\MySQL Server 8.0\bin;C:\Program Files\MySQL\MySQL Shell 8.0\bin\;C:\Users\admin\AppData\Local\Microsoft\WindowsApps;C:\Users\admin\.dotnet\tools;C:\Users\admin\AppData\Local\Programs\Microsoft VS Code\bin;C:\Program Files\CodeBlocks\MinGW\bin;
USERNAME=admin
OS=Windows_NT
PROCESSOR_IDENTIFIER=Intel64 Family 6 Model 78 Stepping 3, GenuineIntel



---------------  S Y S T E M  ---------------

OS:
 Windows 10 , 64 bit Build 19041 (10.0.19041.3636)
OS uptime: 18 days 1:10 hours

CPU: total 4 (initial active 4) (2 cores per cpu, 2 threads per core) family 6 model 78 stepping 3 microcode 0xcc, cx8, cmov, fxsr, ht, mmx, 3dnowpref, sse, sse2, sse3, ssse3, sse4.1, sse4.2, popcnt, lzcnt, tsc, tscinvbit, avx, avx2, aes, erms, clmul, bmi1, bmi2, adx, fma, vzeroupper, clflush, clflushopt

Memory: 4k page, system-wide physical 8083M (1342M free)
TotalPageFile size 23018M (AvailPageFile size 81M)
current process WorkingSet (physical memory assigned to process): 10M, peak: 10M
current process commit charge ("private bytes"): 52M, peak: 179M

vm_info: Java HotSpot(TM) 64-Bit Server VM (18.0.2+9-61) for windows-amd64 JRE (18.0.2+9-61), built on Jun  7 2022 13:09:01 by "mach5one" with MS VC++ 16.8 / 16.9 (VS2019)

END.
